No   IGT            Start RTA      End RTA        Length     Retime?    Reason / Notice
1    01:34.200      01:34.131      02:13.831      39.700     39.700     Paused by player, Unpause by player
2    01:34.950      02:14.569      02:16.555      1.986      1.986      Paused by player, Unpause by player
3    01:38.300      02:19.908      02:22.646      2.738      2.738      Paused by player, Unpause by player
4    01:44.300      02:28.611      02:32.684      4.073      4.073      Paused by player, Unpause by player
5    01:44.750      02:33.127      02:33.983      0.856      0.856      Paused by player, Unpause by player
6    01:45.650      02:34.867      02:35.707      0.840      0.840      Paused by player, Unpause by player
7    01:55.700      02:45.756      02:46.752      0.996      0.996      Paused by player, Unpause by player
8    01:58.400      02:49.457      02:52.324      2.867                 Paused by player, Unpause by player / changed options (2)
9    02:00.600      02:54.506      03:11.091      16.585     16.585     Paused by player, Unpause by player
10   02:02.950      03:13.441      03:14.732      1.291      1.291      Paused by player, Unpause by player
11   02:16.200      03:27.938      03:46.487      18.549     18.549     Paused by player, Unpause by player
12   02:27.000      03:57.246      04:00.908      3.662      3.662      Paused by player, Unpause by player
13   02:30.250      04:04.155      04:08.528      4.373      4.373      Paused by player, Unpause by player
14   02:42.800      04:21.046      04:24.321      3.275      3.275      Paused by player, Unpause by player
15   03:47.900      05:29.414      05:32.126      2.712      2.712      Paused by player, Unpause by player
16   03:52.050      05:36.253      05:37.913      1.660      1.660      Paused by player, Unpause by player
17   04:33.500      06:19.331      06:31.139      11.808     11.808     Paused by player, Unpause by player
18   04:39.900      06:37.498      06:38.383      0.885      0.885      Paused by player, Unpause by player
19   04:40.350      06:38.810      06:39.921      1.111      1.111      Paused by player, Unpause by player
20   04:41.600      06:41.133      06:42.181      1.048      1.048      Paused by player, Unpause by player
21   04:42.550      06:43.095      06:44.526      1.431      1.431      Paused by player, Unpause by player
22   04:49.200      06:51.161      07:00.309      9.148      9.148      Paused by player, Unpause by player
23   04:50.600      07:01.728      07:02.609      0.881      0.881      Paused by player, Unpause by player
24   04:56.300      07:08.261      07:10.638      2.377      2.377      Paused by player, Unpause by player
25   04:59.500      07:13.825      08:22.631      68.806     68.806     Paused by player, Unpause by player
26   05:00.400      08:23.501      08:29.764      6.263      6.263      Paused by player, Unpause by player
27   05:02.650      08:31.974      08:32.848      0.874      0.874      Paused by player, Unpause by player
28   05:12.850      08:43.034      08:58.400      15.366     15.366     Paused by player, Unpause by player
29   05:43.550      09:29.072      09:43.403      14.331     14.331     Paused by player, Unpause by player
30   05:49.600      09:49.444      09:52.802      3.358      3.358      Paused by player, Unpause by player
31   05:52.600      09:55.786      10:03.829      8.043      8.043      Paused by player, Unpause by player
32   07:51.450      12:02.673      12:15.542      12.869     12.869     Paused by player, Unpause by player
33   10:57.900      15:21.979      15:23.167      1.188                 Paused by player, Unpause by player / changed option
34   10:58.300      15:23.548      15:25.701      2.153                 Paused by player, Unpause by player / changed option
0    11:46.200      16:13.584      16:17.720      4.136                 Paused by player, Unpause by rendered
1    28:31.957      33:24.314      33:33.747      9.433      9.433      Paused by player, Unpause by player
2    28:37.857      33:39.653      33:46.818      7.165      7.165      Paused by player, Unpause by player
3    29:14.507      34:23.458      35:31.218      67.760     67.760     Paused by player, Unpause by player
4    33:04.957      39:21.646      39:22.788      1.142      1.142      Paused by player, Unpause by player
5    33:23.457      39:41.270      40:00.154      18.884     18.884     Paused by player, Unpause by player
6    35:48.357      42:25.094      43:55.264      90.170     90.170     Paused by player, Unpause by player
7    36:48.907      44:55.784      44:57.116      1.332      1.332      Paused by player, Unpause by player
8    36:53.807      45:02.007      45:03.105      1.098      1.098      Paused by player, Unpause by player
9    36:55.007      45:04.292      45:05.084      0.792      0.792      Paused by player, Unpause by player
10   36:56.107      45:06.176      45:07.177      1.001      1.001      Paused by player, Unpause by player
11   37:57.157      46:08.206      46:16.179      7.973      7.973      Paused by player, Unpause by player
12   37:58.657      46:17.680      46:24.538      6.858      6.858      Paused by player, Unpause by player
13   38:00.057      46:25.957      46:28.915      2.958      2.958      Paused by player, Unpause by player
14   38:00.507      46:29.342      46:31.571      2.229      2.229      Paused by player, Unpause by player
15   38:05.157      46:36.217      46:41.966      5.749      5.749      Paused by player, Unpause by player
16   38:08.807      46:45.611      46:47.336      1.725      1.725      Paused by player, Unpause by player
17   38:09.107      46:47.599      46:54.513      6.914      6.914      Paused by player, Unpause by player
18   38:09.507      46:54.911      47:01.579      6.668      6.668      Paused by player, Unpause by player
19   38:10.507      47:02.556      47:11.132      8.576      8.576      Paused by player, Unpause by player
20   38:12.457      47:13.072      47:13.670      0.598      0.598      Paused by player, Unpause by player
21   38:26.107      47:27.313      47:31.932      4.619      4.619      Paused by player, Unpause by player
22   38:26.557      47:32.339      47:35.867      3.528      3.528      Paused by player, Unpause by player
23   38:51.707      48:01.004      48:09.153      8.149      8.149      Paused by player, Unpause by player
24   39:02.957      48:20.391      48:22.136      1.745      1.745      Paused by player, Unpause by player
25   39:25.407      48:44.562      48:50.428      5.866      5.866      Paused by player, Unpause by player
26   39:26.907      48:51.887      49:21.285      29.398     29.398     Paused by player, Unpause by player
27   39:28.157      49:22.490      49:44.347      21.857     21.857     Paused by player, Unpause by player
28   39:29.807      49:45.993      49:47.663      1.670      1.670      Paused by player, Unpause by player
29   39:31.107      49:48.943      49:55.164      6.221      6.221      Paused by player, Unpause by player
30   39:33.057      49:57.073      49:58.295      1.222      1.222      Paused by player, Unpause by player
31   39:35.057      50:00.280      50:05.791      5.511      5.511      Paused by player, Unpause by player
32   39:40.757      50:11.454      50:12.579      1.125      1.125      Paused by player, Unpause by player
33   40:11.657      50:43.460      50:46.581      3.121      3.121      Paused by player, Unpause by player
34   40:14.107      50:48.994      50:51.399      2.405      2.405      Paused by player, Unpause by player
35   40:14.657      50:51.950      50:53.349      1.399      1.399      Paused by player, Unpause by player
36   40:15.557      50:54.247      50:55.568      1.321      1.321      Paused by player, Unpause by player
37   40:39.607      51:19.584      51:20.266      0.682      0.682      Paused by player, Unpause by player
38   40:44.357      51:25.002      51:25.496      0.494      0.494      Paused by player, Unpause by player
39   40:45.357      51:26.482      51:56.237      29.755     29.755     Paused by player, Unpause by player
40   40:47.107      51:57.969      51:58.747      0.778      0.778      Paused by player, Unpause by player
41   40:47.557      51:59.200      51:59.990      0.790      0.790      Paused by player, Unpause by player
42   40:48.057      52:00.495      52:01.153      0.658      0.658      Paused by player, Unpause by player
43   40:49.757      52:02.842      52:03.466      0.624      0.624      Paused by player, Unpause by player
44   40:50.157      52:03.834      52:04.738      0.904      0.904      Paused by player, Unpause by player
45   40:54.357      52:08.941      52:13.037      4.096      4.096      Paused by player, Unpause by player
46   40:59.207      52:17.881      52:19.128      1.247      1.247      Paused by player, Unpause by player
47   40:59.957      52:19.842      52:22.507      2.665      2.665      Paused by player, Unpause by player
48   42:28.057      53:50.619      54:33.719      43.100     43.100     Paused by player, Unpause by player
49   42:32.907      54:38.591      54:44.573      5.982      5.982      Paused by player, Unpause by player
50   43:32.157      55:43.823      55:47.697      3.874      3.874      Paused by player, Unpause by player
51   44:29.857      56:45.373      56:48.448      3.075      3.075      Paused by player, Unpause by player
52   44:39.657      56:58.283      57:04.744      6.461      6.461      Paused by player, Unpause by player
53   44:51.657      57:16.735      57:18.615      1.880      1.880      Paused by player, Unpause by player
54   44:58.657      57:25.579      57:28.536      2.957      2.957      Paused by player, Unpause by player
55   45:22.557      57:52.429      57:53.684      1.255      1.255      Paused by player, Unpause by player
56   45:27.757      57:58.877      58:16.784      17.907     17.907     Paused by player, Unpause by player
57   46:00.357      58:49.367      58:53.260      3.893      3.893      Paused by player, Unpause by player
58   46:01.407      58:54.297      58:54.935      0.638      0.638      Paused by player, Unpause by player
59   46:01.857      58:55.389      58:56.834      1.445      1.445      Paused by player, Unpause by player
60   46:02.907      58:57.890      59:32.780      34.890     34.890     Paused by player, Unpause by player
61   46:07.557      59:37.393      59:38.741      1.348      1.348      Paused by player, Unpause by player
62   46:07.957      59:39.096      59:41.568      2.472      2.472      Paused by player, Unpause by player
63   46:28.057      1:00:01.691    1:00:25.273    23.582     23.582     Paused by player, Unpause by player
1    46:28.757      1:00:25.999    1:01:17.486    51.487                Paused by leave the world, Unpause by rendered
2    47:03.765      1:01:52.459    1:02:29.463    37.004     37.004     Paused by player, Unpause by player
3    47:23.465      1:02:49.124    1:02:50.818    1.694      1.694      Paused by player, Unpause by player
4    47:57.265      1:03:24.582    1:03:27.477    2.895      2.895      Paused by player, Unpause by player
5    48:01.015      1:03:31.242    1:03:57.385    26.143     26.143     Paused by player, Unpause by player
6    48:17.665      1:04:14.032    1:04:26.221    12.189     12.189     Paused by player, Unpause by player
7    48:26.965      1:04:35.493    1:04:36.783    1.290      1.290      Paused by player, Unpause by player
8    48:27.415      1:04:37.222    1:05:28.147    50.925     50.925     Paused by player, Unpause by player
9    48:45.165      1:05:45.853    1:06:17.293    31.440     31.440     Paused by player, Unpause by player
10   48:52.965      1:06:25.093    1:06:27.813    2.720      2.720      Paused by player, Unpause by player
11   49:11.015      1:06:45.819    1:06:52.860    7.041      7.041      Paused by player, Unpause by player
12   49:12.565      1:06:54.384    1:06:57.774    3.390      3.390      Paused by player, Unpause by player
13   49:12.965      1:06:58.150    1:07:00.520    2.370      2.370      Paused by player, Unpause by player
14   49:18.715      1:07:06.301    1:07:11.344    5.043      5.043      Paused by player, Unpause by player
15   49:19.965      1:07:12.556    1:07:31.925    19.369     19.369     Paused by player, Unpause by player
16   49:32.265      1:07:44.214    1:07:45.871    1.657      1.657      Paused by player, Unpause by player
17   49:35.765      1:07:49.394    1:07:54.933    5.539      5.539      Paused by player, Unpause by player
18   49:36.065      1:07:55.231    1:07:59.184    3.953      3.953      Paused by player, Unpause by player
19   49:54.465      1:08:17.573    1:08:21.449    3.876      3.876      Paused by player, Unpause by player
20   49:55.765      1:08:22.752    1:08:24.568    1.816      1.816      Paused by player, Unpause by player
21   49:56.165      1:08:24.954    1:08:25.515    0.561      0.561      Paused by player, Unpause by player
22   49:56.665      1:08:25.994    1:08:26.727    0.733      0.733      Paused by player, Unpause by player
23   49:57.015      1:08:27.065    1:08:28.132    1.067      1.067      Paused by player, Unpause by player
24   49:57.515      1:08:28.607    1:08:34.691    6.084      6.084      Paused by player, Unpause by player
25   50:02.965      1:08:40.124    1:08:55.347    15.223     15.223     Paused by player, Unpause by player
26   50:14.065      1:09:06.449    1:09:07.242    0.793      0.793      Paused by player, Unpause by player
27   50:14.365      1:09:07.502    1:09:10.909    3.407      3.407      Paused by player, Unpause by player
28   50:25.165      1:09:21.708    1:09:32.362    10.654     10.654     Paused by player, Unpause by player
29   50:33.265      1:09:40.454    1:09:42.866    2.412      2.412      Paused by player, Unpause by player
30   50:34.565      1:09:44.142    1:09:45.242    1.100      1.100      Paused by player, Unpause by player
31   50:36.265      1:09:46.923    1:09:48.627    1.704      1.704      Paused by player, Unpause by player
32   50:36.915      1:09:49.244    1:09:50.291    1.047      1.047      Paused by player, Unpause by player
33   52:28.715      1:11:42.061    1:11:43.237    1.176      1.176      Paused by player, Unpause by player
34   52:33.865      1:11:48.381    1:11:48.927    0.546      0.546      Paused by player, Unpause by player
35   52:37.415      1:11:52.465    1:11:55.050    2.585      2.585      Paused by player, Unpause by player
36   52:41.365      1:11:59.020    1:12:02.613    3.593      3.593      Paused by player, Unpause by player
37   52:45.515      1:12:06.798    1:13:43.936    97.138     97.138     Paused by player, Unpause by player
38   52:50.465      1:13:48.893    1:13:51.780    2.887      2.887      Paused by player, Unpause by player
39   52:51.215      1:13:52.520    1:13:52.951    0.431      0.431      Paused by player, Unpause by player
40   52:51.415      1:13:53.157    1:13:54.370    1.213      1.213      Paused by player, Unpause by player
41   53:18.515      1:14:21.455    1:14:25.625    4.170      4.170      Paused by player, Unpause by player
42   54:03.515      1:15:10.583    1:15:13.924    3.341      3.341      Paused by player, Unpause by player
43   55:32.315      1:16:42.702    1:16:43.032    0.330      0.330      Paused by player, Unpause by player
44   55:46.615      1:16:57.327    1:16:58.621    1.294      1.294      Paused by player, Unpause by player
45   55:49.065      1:17:01.064    1:17:02.454    1.390      1.390      Paused by player, Unpause by player
46   56:04.765      1:17:18.154    1:17:18.920    0.766      0.766      Paused by player, Unpause by player
47   56:05.265      1:17:19.406    1:17:20.429    1.023      1.023      Paused by player, Unpause by player
48   56:08.615      1:17:23.734    1:17:33.023    9.289      9.289      Paused by player, Unpause by player
49   56:09.015      1:17:33.390    1:17:49.864    16.474     16.474     Paused by player, Unpause by player
50   56:10.015      1:17:50.861    1:17:53.250    2.389      2.389      Paused by player, Unpause by player
51   56:10.415      1:17:53.604    1:17:55.028    1.424      1.424      Paused by player, Unpause by player
52   56:12.865      1:17:57.453    1:17:59.329    1.876      1.876      Paused by player, Unpause by player
53   56:13.365      1:17:59.833    1:18:00.498    0.665      0.665      Paused by player, Unpause by player
54   56:17.715      1:18:04.841    1:18:05.257    0.416      0.416      Paused by player, Unpause by player
55   56:30.065      1:18:17.578    1:18:18.514    0.936      0.936      Paused by player, Unpause by player
56   56:32.715      1:18:21.140    1:18:25.877    4.737      4.737      Paused by player, Unpause by player
57   57:13.265      1:19:06.449    1:19:08.930    2.481      2.481      Paused by player, Unpause by player
58   59:58.565      1:21:54.187    1:22:04.569    10.382     10.382     Paused by player, Unpause by player
0    1:05:02.065    1:27:08.056    1:29:29.585    141.529               Paused by player, Unpause by changed look direction
1    1:05:14.419    1:29:41.957    1:30:42.656    60.699     60.699     Paused by player, Unpause by player
2    1:06:25.069    1:31:53.305    1:32:00.014    6.709      6.709      Paused by player, Unpause by player
3    1:08:51.569    1:34:26.508    1:34:41.555    15.047     15.047     Paused by player, Unpause by player
4    1:08:57.219    1:34:47.192    1:35:33.393    46.201     46.201     Paused by player, Unpause by player
5    1:10:03.669    1:36:39.825    1:36:40.802    0.977      0.977      Paused by player, Unpause by player
6    1:10:04.369    1:36:41.502    1:36:42.312    0.810      0.810      Paused by player, Unpause by player
7    1:10:05.569    1:36:43.497    1:36:46.711    3.214      3.214      Paused by player, Unpause by player
8    1:10:06.169    1:36:47.276    1:36:49.469    2.193      2.193      Paused by player, Unpause by player
9    1:10:19.169    1:37:02.436    1:37:10.254    7.818      7.818      Paused by player, Unpause by player
10   1:10:21.719    1:37:12.842    1:37:13.106    0.264      0.264      Paused by player, Unpause by player
11   1:10:25.119    1:37:16.490    1:37:25.449    8.959      8.959      Paused by player, Unpause by player
12   1:10:25.969    1:37:26.271    1:37:42.043    15.772     15.772     Paused by player, Unpause by player
13   1:10:27.019    1:37:43.086    1:37:50.581    7.495      7.495      Paused by player, Unpause by player
14   1:10:45.769    1:38:09.322    1:38:10.280    0.958      0.958      Paused by player, Unpause by player
15   1:10:46.219    1:38:10.710    1:38:11.503    0.793      0.793      Paused by player, Unpause by player
16   1:10:48.619    1:38:13.892    1:38:18.883    4.991      4.991      Paused by player, Unpause by player
17   1:10:49.419    1:38:19.678    1:38:20.416    0.738      0.738      Paused by player, Unpause by player
18   1:10:49.969    1:38:20.929    1:38:24.077    3.148      3.148      Paused by player, Unpause by player
19   1:10:50.619    1:38:24.729    1:38:25.382    0.653      0.653      Paused by player, Unpause by player
20   1:10:50.919    1:38:25.690    1:38:26.278    0.588      0.588      Paused by player, Unpause by player
21   1:10:51.369    1:38:26.687    1:38:29.682    2.995      2.995      Paused by player, Unpause by player
22   1:10:51.769    1:38:30.042    1:38:32.492    2.450      2.450      Paused by player, Unpause by player
23   1:10:52.469    1:38:33.194    1:38:41.485    8.291      8.291      Paused by player, Unpause by player
24   1:10:53.669    1:38:42.654    1:38:50.520    7.866      7.866      Paused by player, Unpause by player
25   1:10:55.069    1:38:51.919    1:39:09.503    17.584     17.584     Paused by player, Unpause by player
26   1:10:55.619    1:39:10.004    1:39:10.891    0.887      0.887      Paused by player, Unpause by player
27   1:10:55.869    1:39:11.108    1:39:11.854    0.746      0.746      Paused by player, Unpause by player
28   1:10:56.369    1:39:12.325    1:39:16.396    4.071      4.071      Paused by player, Unpause by player
29   1:11:00.669    1:39:20.692    1:39:22.276    1.584      1.584      Paused by player, Unpause by player
30   1:11:01.669    1:39:23.250    1:39:24.040    0.790      0.790      Paused by player, Unpause by player
31   1:11:02.169    1:39:24.517    1:39:25.306    0.789      0.789      Paused by player, Unpause by player
32   1:11:02.869    1:39:25.989    1:39:32.225    6.236      6.236      Paused by player, Unpause by player
33   1:11:12.669    1:39:42.033    1:39:43.265    1.232      1.232      Paused by player, Unpause by player
34   1:11:12.919    1:39:43.485    1:39:47.467    3.982      3.982      Paused by player, Unpause by player
35   1:11:13.269    1:39:47.830    1:39:48.083    0.253      0.253      Paused by player, Unpause by player
36   1:11:20.469    1:39:55.258    1:39:55.934    0.676      0.676      Paused by player, Unpause by player
37   1:11:20.969    1:39:56.429    1:40:10.638    14.209     14.209     Paused by player, Unpause by player
38   1:11:21.769    1:40:11.419    1:40:12.271    0.852      0.852      Paused by player, Unpause by player
39   1:11:22.269    1:40:12.748    1:40:14.795    2.047      2.047      Paused by player, Unpause by player
40   1:11:22.669    1:40:15.183    1:40:17.290    2.107      2.107      Paused by player, Unpause by player
41   1:11:23.119    1:40:17.718    1:40:19.540    1.822      1.822      Paused by player, Unpause by player
42   1:11:29.069    1:40:25.489    1:40:27.687    2.198      2.198      Paused by player, Unpause by player
43   1:11:29.569    1:40:28.186    1:40:28.921    0.735      0.735      Paused by player, Unpause by player
44   1:11:33.419    1:40:32.732    1:40:39.235    6.503      6.503      Paused by player, Unpause by player
45   1:11:45.119    1:40:50.944    1:40:51.534    0.590      0.590      Paused by player, Unpause by player
46   1:11:47.269    1:40:53.642    1:41:03.119    9.477      9.477      Paused by player, Unpause by player
47   1:11:52.769    1:41:08.640    1:41:08.938    0.298      0.298      Paused by player, Unpause by player
48   1:11:53.169    1:41:09.351    1:41:15.655    6.304      6.304      Paused by player, Unpause by player
49   1:11:55.769    1:41:18.239    1:41:20.083    1.844      1.844      Paused by player, Unpause by player
50   1:11:56.169    1:41:20.489    1:41:20.703    0.214      0.214      Paused by player, Unpause by player
51   1:12:06.269    1:41:30.779    1:41:37.439    6.660      6.660      Paused by player, Unpause by player
52   1:12:39.369    1:42:10.496    1:42:11.135    0.639      0.639      Paused by player, Unpause by player
53   1:12:39.869    1:42:11.611    1:42:13.008    1.397      1.397      Paused by player, Unpause by player
54   1:12:55.569    1:42:28.679    1:42:29.364    0.685      0.685      Paused by player, Unpause by player
55   1:13:04.169    1:42:37.943    1:42:38.725    0.782      0.782      Paused by player, Unpause by player
56   1:13:10.969    1:42:45.532    1:42:46.892    1.360      1.360      Paused by player, Unpause by player
57   1:13:11.969    1:42:47.881    1:42:49.182    1.301      1.301      Paused by player, Unpause by player
58   1:13:12.519    1:42:49.720    1:42:50.479    0.759      0.759      Paused by player, Unpause by player
59   1:13:15.619    1:42:53.549    1:42:54.192    0.643      0.643      Paused by player, Unpause by player
60   1:13:23.369    1:43:01.919    1:43:02.835    0.916      0.916      Paused by player, Unpause by player
61   1:13:24.419    1:43:03.846    1:43:04.467    0.621      0.621      Paused by player, Unpause by player
62   1:13:39.319    1:43:19.346    1:43:20.031    0.685      0.685      Paused by player, Unpause by player
63   1:13:50.919    1:43:31.631    1:43:32.958    1.327      1.327      Paused by player, Unpause by player
64   1:14:22.069    1:44:04.076    1:44:10.147    6.071      6.071      Paused by player, Unpause by player
65   1:14:23.569    1:44:11.638    1:44:12.806    1.168      1.168      Paused by player, Unpause by player
66   1:14:42.169    1:44:31.377    1:44:32.314    0.937      0.937      Paused by player, Unpause by player
67   1:14:42.369    1:44:32.499    1:44:32.718    0.219      0.219      Paused by player, Unpause by player
68   1:14:43.619    1:44:33.930    1:44:34.681    0.751      0.751      Paused by player, Unpause by player
69   1:14:46.219    1:44:37.288    1:44:38.317    1.029      1.029      Paused by player, Unpause by player
70   1:14:48.419    1:44:40.493    1:44:40.977    0.484      0.484      Paused by player, Unpause by player
71   1:14:50.719    1:44:43.262    1:45:10.306    27.044     27.044     Paused by player, Unpause by player
72   1:15:02.969    1:45:22.543    1:45:23.779    1.236      1.236      Paused by player, Unpause by player
73   1:15:05.719    1:45:26.528    1:45:27.664    1.136      1.136      Paused by player, Unpause by player
74   1:15:12.719    1:45:34.620    1:45:35.235    0.615      0.615      Paused by player, Unpause by player
75   1:15:12.969    1:45:35.471    1:45:36.155    0.684      0.684      Paused by player, Unpause by player
76   1:15:13.469    1:45:36.658    1:45:37.199    0.541      0.541      Paused by player, Unpause by player
77   1:15:25.369    1:45:49.061    1:45:49.767    0.706      0.706      Paused by player, Unpause by player
78   1:15:32.569    1:45:56.969    1:45:57.710    0.741      0.741      Paused by player, Unpause by player
79   1:15:33.519    1:45:58.618    1:45:59.665    1.047      1.047      Paused by player, Unpause by player
80   1:15:34.119    1:46:00.222    1:46:00.923    0.701      0.701      Paused by player, Unpause by player
81   1:15:34.269    1:46:01.098    1:46:01.361    0.263      0.263      Paused by player, Unpause by player
82   1:15:41.569    1:46:08.653    1:46:09.130    0.477      0.477      Paused by player, Unpause by player
83   1:15:44.319    1:46:11.839    1:46:16.256    4.417      4.417      Paused by player, Unpause by player
84   1:15:45.519    1:46:17.451    1:46:19.179    1.728      1.728      Paused by player, Unpause by player
85   1:15:49.219    1:46:22.842    1:46:25.131    2.289      2.289      Paused by player, Unpause by player
86   1:15:59.219    1:46:35.091    1:46:35.905    0.814      0.814      Paused by player, Unpause by player
87   1:15:59.519    1:46:36.174    1:46:36.402    0.228      0.228      Paused by player, Unpause by player
88   1:16:14.169    1:46:51.031    1:46:52.339    1.308      1.308      Paused by player, Unpause by player
89   1:16:26.469    1:47:04.601    1:47:05.414    0.813      0.813      Paused by player, Unpause by player
90   1:16:43.919    1:47:22.864    1:47:23.445    0.581      0.581      Paused by player, Unpause by player
91   1:16:50.769    1:47:30.273    1:47:31.261    0.988      0.988      Paused by player, Unpause by player
92   1:17:07.769    1:47:48.252    1:47:49.006    0.754      0.754      Paused by player, Unpause by player
93   1:17:10.069    1:47:51.276    1:47:52.173    0.897      0.897      Paused by player, Unpause by player
94   1:17:10.469    1:47:52.541    1:47:53.258    0.717      0.717      Paused by player, Unpause by player
95   1:17:11.119    1:47:53.906    1:47:54.622    0.716      0.716      Paused by player, Unpause by player
96   1:17:11.969    1:47:55.450    1:48:02.686    7.236      7.236      Paused by player, Unpause by player
97   1:17:12.769    1:48:03.475    1:48:04.303    0.828      0.828      Paused by player, Unpause by player
98   1:17:13.119    1:48:04.611    1:48:05.467    0.856      0.856      Paused by player, Unpause by player
99   1:17:14.469    1:48:06.819    1:48:12.125    5.306      5.306      Paused by player, Unpause by player
100  1:17:15.069    1:48:12.712    1:48:14.096    1.384      1.384      Paused by player, Unpause by player
101  1:17:21.069    1:48:20.135    1:48:20.394    0.259                 Paused by changed dimension, Unpause by moved mouse
102  1:17:22.962    1:48:22.328    1:48:22.624    0.296                 Paused by changed dimension, Unpause by rendered
103  1:17:36.076    1:48:35.747    1:48:37.254    1.507      1.507      Paused by player, Unpause by player
104  1:18:04.226    1:49:05.400    1:49:06.005    0.605      0.605      Paused by player, Unpause by player
105  1:18:04.726    1:49:06.491    1:49:06.961    0.470      0.470      Paused by player, Unpause by player
106  1:18:05.926    1:49:08.129    1:49:08.477    0.348      0.348      Paused by player, Unpause by player
107  1:18:06.276    1:49:08.785    1:49:15.092    6.307      6.307      Paused by player, Unpause by player
108  1:18:41.276    1:49:50.119    1:50:00.023    9.904      9.904      Paused by player, Unpause by player
109  1:19:54.926    1:51:13.693    1:51:13.959    0.266      0.266      Paused by player, Unpause by player
110  1:20:02.576    1:51:21.593    1:51:22.809    1.216      1.216      Paused by player, Unpause by player
111  1:20:05.076    1:51:25.276    1:51:30.055    4.779      4.779      Paused by player, Unpause by player
112  1:20:09.376    1:51:34.340    1:51:38.759    4.419      4.419      Paused by player, Unpause by player
113  1:20:10.326    1:51:39.671    1:51:41.553    1.882      1.882      Paused by player, Unpause by player
114  1:20:11.476    1:51:42.681    1:51:44.972    2.291      2.291      Paused by player, Unpause by player
115  1:20:40.426    1:52:13.903    1:52:16.516    2.613      2.613      Paused by player, Unpause by player
116  1:20:41.126    1:52:17.180    1:52:20.015    2.835      2.835      Paused by player, Unpause by player
117  1:20:49.926    1:52:28.792    1:52:31.891    3.099      3.099      Paused by player, Unpause by player
118  1:20:55.626    1:52:37.566    1:52:38.570    1.004      1.004      Paused by player, Unpause by player
119  1:20:56.426    1:52:39.338    1:52:40.961    1.623      1.623      Paused by player, Unpause by player
120  1:21:14.426    1:52:58.953    1:52:59.701    0.748      0.748      Paused by player, Unpause by player
121  1:21:16.176    1:53:01.446    1:53:02.237    0.791      0.791      Paused by player, Unpause by player
122  1:21:17.226    1:53:03.286    1:53:06.513    3.227      3.227      Paused by player, Unpause by player
123  1:21:18.976    1:53:08.237    1:53:21.238    13.001     13.001     Paused by player, Unpause by player
124  1:21:21.526    1:53:23.753    1:53:24.060    0.307      0.307      Paused by player, Unpause by player
125  1:21:21.876    1:53:24.415    1:53:24.662    0.247      0.247      Paused by player, Unpause by player
126  1:21:22.526    1:53:25.317    1:53:26.133    0.816      0.816      Paused by player, Unpause by player
127  1:21:23.126    1:53:26.722    1:53:27.484    0.762      0.762      Paused by player, Unpause by player
128  1:21:24.876    1:53:29.208    1:53:29.598    0.390      0.390      Paused by player, Unpause by player
129  1:21:25.226    1:53:29.920    1:53:30.298    0.378      0.378      Paused by player, Unpause by player
130  1:21:26.426    1:53:31.488    1:53:32.493    1.005      1.005      Paused by player, Unpause by player
131  1:21:42.876    1:53:48.929    1:53:50.619    1.690      1.690      Paused by player, Unpause by player
132  1:21:43.276    1:53:51.007    1:53:55.827    4.820      4.820      Paused by player, Unpause by player
133  1:21:44.376    1:53:56.900    1:54:19.895    22.995     22.995     Paused by player, Unpause by player
134  1:21:46.926    1:54:22.407    1:54:23.498    1.091      1.091      Paused by player, Unpause by player
135  1:22:19.726    1:54:56.269    1:54:57.734    1.465      1.465      Paused by player, Unpause by player
136  1:22:30.726    1:55:08.758    1:55:29.598    20.840     20.840     Paused by player, Unpause by player
137  1:23:02.426    1:56:01.261    1:56:13.417    12.156     12.156     Paused by player, Unpause by player
138  1:23:10.626    1:56:21.578    1:56:23.182    1.604      1.604      Paused by player, Unpause by player
139  1:23:11.326    1:56:23.916    1:56:27.343    3.427      3.427      Paused by player, Unpause by player
140  1:24:54.926    1:58:10.926    1:58:11.317    0.391      0.391      Paused by player, Unpause by player
141  1:25:30.426    1:58:46.803    1:58:47.209    0.406      0.406      Paused by player, Unpause by player
142  1:28:11.026    2:01:27.792    2:01:46.194    18.402     18.402     Paused by player, Unpause by player
143  1:28:16.176    2:01:51.360    2:02:12.963    21.603     21.603     Paused by player, Unpause by player
144  1:29:02.376    2:02:59.175    2:03:17.232    18.057     18.057     Paused by player, Unpause by player
145  1:29:05.826    2:03:20.653    2:03:22.001    1.348      1.348      Paused by player, Unpause by player
146  1:29:24.376    2:03:40.530    2:03:49.613    9.083      9.083      Paused by player, Unpause by player
147  1:29:38.026    2:04:03.255    2:04:18.629    15.374     15.374     Paused by player, Unpause by player
148  1:29:57.976    2:04:38.544    2:04:42.101    3.557      3.557      Paused by player, Unpause by player
149  1:30:06.726    2:04:50.806    2:04:55.677    4.871      4.871      Paused by player, Unpause by player
150  1:30:07.576    2:04:56.516    2:05:06.408    9.892      9.892      Paused by player, Unpause by player
151  1:30:10.026    2:05:08.860    2:05:16.898    8.038      8.038      Paused by player, Unpause by player
152  1:30:11.826    2:05:18.710    2:05:22.256    3.546      3.546      Paused by player, Unpause by player
153  1:30:14.576    2:05:24.963    2:05:27.147    2.184      2.184      Paused by player, Unpause by player
154  1:30:15.276    2:05:27.819    2:05:31.267    3.448      3.448      Paused by player, Unpause by player
155  1:30:16.976    2:05:32.939    2:05:38.223    5.284      5.284      Paused by player, Unpause by player
156  1:30:17.626    2:05:38.857    2:05:41.525    2.668      2.668      Paused by player, Unpause by player
157  1:30:19.926    2:05:43.794    2:05:53.261    9.467      9.467      Paused by player, Unpause by player
158  1:30:20.376    2:05:53.706    2:05:54.071    0.365      0.365      Paused by player, Unpause by player
159  1:30:20.626    2:05:54.300    2:06:00.310    6.010      6.010      Paused by player, Unpause by player
160  1:30:39.526    2:06:19.176    2:06:23.687    4.511      4.511      Paused by player, Unpause by player
161  1:31:01.176    2:06:45.373    2:07:04.196    18.823     18.823     Paused by player, Unpause by player
162  1:31:29.126    2:07:32.164    2:07:32.431    0.267      0.267      Paused by player, Unpause by player
163  1:32:41.076    2:08:44.391    2:08:45.051    0.660      0.660      Paused by player, Unpause by player
164  1:32:41.576    2:08:45.546    2:08:46.568    1.022      1.022      Paused by player, Unpause by player
165  1:33:26.176    2:09:31.146    2:10:32.857    61.711     61.711     Paused by player, Unpause by player
166  1:33:41.526    2:10:48.243    2:10:48.682    0.439      0.439      Paused by player, Unpause by player
167  1:33:53.576    2:11:00.695    2:11:02.427    1.732      1.732      Paused by player, Unpause by player
168  1:33:54.226    2:11:03.060    2:11:03.578    0.518      0.518      Paused by player, Unpause by player
169  1:33:54.526    2:11:03.839    2:11:05.187    1.348      1.348      Paused by player, Unpause by player
170  1:33:55.176    2:11:05.792    2:11:06.915    1.123      1.123      Paused by player, Unpause by player
171  1:33:55.626    2:11:07.342    2:11:08.157    0.815      0.815      Paused by player, Unpause by player
172  1:33:56.326    2:11:08.832    2:11:09.483    0.651      0.651      Paused by player, Unpause by player
173  1:33:57.026    2:11:10.144    2:11:10.502    0.358      0.358      Paused by player, Unpause by player
174  1:33:57.276    2:11:10.756    2:11:11.083    0.327      0.327      Paused by player, Unpause by player
175  1:33:57.626    2:11:11.404    2:11:11.906    0.502      0.502      Paused by player, Unpause by player
176  1:34:23.076    2:11:37.329    2:11:37.882    0.553      0.553      Paused by player, Unpause by player
177  1:34:24.326    2:11:39.101    2:11:40.224    1.123      1.123      Paused by player, Unpause by player
178  1:34:25.176    2:11:41.056    2:11:43.263    2.207      2.207      Paused by player, Unpause by player
179  1:34:26.776    2:11:44.840    2:11:46.354    1.514      1.514      Paused by player, Unpause by player
180  1:34:27.226    2:11:46.812    2:11:47.672    0.860      0.860      Paused by player, Unpause by player
181  1:34:33.526    2:11:53.970    2:12:11.275    17.305     17.305     Paused by player, Unpause by player
182  1:35:56.126    2:13:33.866    2:13:38.309    4.443      4.443      Paused by player, Unpause by player
183  1:35:56.526    2:13:38.699    2:13:39.555    0.856      0.856      Paused by player, Unpause by player
184  1:36:02.176    2:13:45.178    2:14:55.076    69.898                Paused by player, Unpause by rendered
185  1:36:04.233    2:14:57.147    2:14:58.586    1.439      1.439      Paused by player, Unpause by player
186  1:36:10.533    2:15:04.874    2:15:05.899    1.025      1.025      Paused by player, Unpause by player
187  1:36:12.533    2:15:07.910    2:15:08.463    0.553      0.553      Paused by player, Unpause by player
188  1:36:13.633    2:15:09.576    2:15:13.586    4.010      4.010      Paused by player, Unpause by player
189  1:37:04.933    2:16:04.869    2:16:06.123    1.254      1.254      Paused by player, Unpause by player
190  1:37:11.483    2:16:12.652    2:16:14.171    1.519      1.519      Paused by player, Unpause by player
191  1:37:13.833    2:16:16.520    2:16:17.142    0.622      0.622      Paused by player, Unpause by player
192  1:37:15.783    2:16:19.061    2:16:19.632    0.571      0.571      Paused by player, Unpause by player
193  1:37:26.783    2:16:30.630    2:16:35.677    5.047      5.047      Paused by player, Unpause by player
194  1:37:27.433    2:16:36.325    2:16:42.354    6.029      6.029      Paused by player, Unpause by player
195  1:37:35.783    2:16:50.662    2:18:02.165    71.503                Paused by player, Unpause by changed look direction
196  1:37:38.085    2:18:04.042    2:18:04.887    0.845      0.845      Paused by player, Unpause by player
197  1:37:39.535    2:18:06.306    2:18:06.968    0.662      0.662      Paused by player, Unpause by player
198  1:37:40.685    2:18:08.126    2:18:08.651    0.525      0.525      Paused by player, Unpause by player
199  1:37:47.485    2:18:15.422    2:18:16.430    1.008      1.008      Paused by player, Unpause by player
200  1:37:48.385    2:18:17.300    2:18:18.502    1.202      1.202      Paused by player, Unpause by player
201  1:38:08.335    2:18:38.413    2:18:39.674    1.261      1.261      Paused by player, Unpause by player
202  1:39:01.135    2:19:32.458    2:19:33.124    0.666      0.666      Paused by player, Unpause by player
203  1:39:01.785    2:19:33.756    2:19:39.166    5.410      5.410      Paused by player, Unpause by player
204  1:39:36.535    2:20:13.919    2:21:56.447    102.528    102.528    Paused by player, Unpause by player
205  1:40:38.985    2:22:58.869    2:22:59.677    0.808      0.808      Paused by player, Unpause by player
206  1:40:39.335    2:22:59.994    2:23:00.642    0.648      0.648      Paused by player, Unpause by player
207  1:40:40.135    2:23:01.409    2:23:02.232    0.823      0.823      Paused by player, Unpause by player
208  1:40:40.685    2:23:02.775    2:23:03.312    0.537      0.537      Paused by player, Unpause by player
209  1:40:41.335    2:23:03.964    2:23:04.640    0.676      0.676      Paused by player, Unpause by player
210  1:40:44.235    2:23:07.511    2:23:10.527    3.016      3.016      Paused by player, Unpause by player
211  1:40:57.435    2:23:23.722    2:23:38.555    14.833     14.833     Paused by player, Unpause by player
212  1:41:35.785    2:24:16.861    2:24:20.714    3.853      3.853      Paused by player, Unpause by player
213  1:41:53.285    2:24:38.224    2:24:53.982    15.758     15.758     Paused by player, Unpause by player
214  1:42:22.035    2:25:22.728    2:26:40.587    77.859     77.859     Paused by player, Unpause by player
215  1:43:23.435    2:27:41.974    2:27:45.345    3.371      3.371      Paused by player, Unpause by player
216  1:43:24.135    2:27:46.047    2:27:53.982    7.935      7.935      Paused by player, Unpause by player
217  1:45:00.285    2:29:30.109    2:29:30.310    0.201      0.201      Paused by player, Unpause by player
218  1:45:00.635    2:29:30.632    2:29:32.671    2.039      2.039      Paused by player, Unpause by player
219  1:45:31.235    2:30:03.267    2:30:15.088    11.821     11.821     Paused by player, Unpause by player
220  1:45:37.635    2:30:21.452    2:30:24.700    3.248      3.248      Paused by player, Unpause by player
221  1:45:58.585    2:30:45.620    2:30:49.243    3.623      3.623      Paused by player, Unpause by player
222  1:46:04.285    2:30:54.940    2:30:58.607    3.667      3.667      Paused by player, Unpause by player
223  1:46:05.735    2:31:00.036    2:31:02.693    2.657      2.657      Paused by player, Unpause by player
224  1:46:19.785    2:31:16.715    2:31:22.283    5.568      5.568      Paused by player, Unpause by player
225  1:46:25.335    2:31:27.819    2:31:28.883    1.064      1.064      Paused by player, Unpause by player
226  1:46:26.235    2:31:29.761    2:31:30.953    1.192      1.192      Paused by player, Unpause by player
227  1:46:26.835    2:31:31.535    2:31:32.345    0.810      0.810      Paused by player, Unpause by player
228  1:46:28.035    2:31:33.515    2:31:53.208    19.693     19.693     Paused by player, Unpause by player
229  1:50:47.085    2:36:12.231    2:36:17.716    5.485      5.485      Paused by player, Unpause by player
230  1:50:49.285    2:36:19.916    2:36:20.982    1.066      1.066      Paused by player, Unpause by player
231  1:51:10.385    2:36:42.067    2:36:43.650    1.583      1.583      Paused by player, Unpause by player
232  1:51:44.335    2:37:17.600    2:37:28.273    10.673     10.673     Paused by player, Unpause by player
233  1:52:49.235    2:38:33.154    2:38:47.920    14.766     14.766     Paused by player, Unpause by player
234  1:57:04.135    2:43:02.789    2:43:09.803    7.014      7.014      Paused by player, Unpause by player
235  1:57:09.785    2:43:15.445    2:43:20.441    4.996      4.996      Paused by player, Unpause by player
236  2:00:25.585    2:46:36.234    2:46:44.119    7.885      7.885      Paused by player, Unpause by player
237  2:02:13.585    2:48:32.120    2:48:39.487    7.367      7.367      Paused by player, Unpause by player
238  2:02:25.835    2:48:51.720    2:48:54.379    2.659      2.659      Paused by player, Unpause by player
239  2:02:47.435    2:49:15.950    2:49:21.957    6.007      6.007      Paused by player, Unpause by player
240  2:05:31.435    2:52:06.002    2:52:06.306    0.304      0.304      Paused by player, Unpause by player
241  2:05:41.435    2:52:16.303    2:52:17.240    0.937      0.937      Paused by player, Unpause by player
242  2:05:45.685    2:52:21.494    2:52:22.438    0.944      0.944      Paused by player, Unpause by player
243  2:05:46.635    2:52:23.394    2:52:24.487    1.093      1.093      Paused by player, Unpause by player
244  2:05:55.885    2:52:33.747    2:52:35.966    2.219      2.219      Paused by player, Unpause by player
245  2:05:57.885    2:52:37.948    2:52:39.170    1.222      1.222      Paused by player, Unpause by player
246  2:06:06.235    2:52:47.526    2:52:48.257    0.731      0.731      Paused by player, Unpause by player
247  2:06:06.535    2:52:48.527    2:52:49.355    0.828      0.828      Paused by player, Unpause by player
248  2:06:06.985    2:52:49.801    2:52:53.001    3.200      3.200      Paused by player, Unpause by player
249  2:06:08.035    2:52:54.029    2:52:55.057    1.028      1.028      Paused by player, Unpause by player
250  2:06:08.385    2:52:55.410    2:52:56.473    1.063      1.063      Paused by player, Unpause by player
251  2:06:10.385    2:52:58.459    2:52:59.392    0.933      0.933      Paused by player, Unpause by player
252  2:06:12.085    2:53:01.085    2:53:01.687    0.602      0.602      Paused by player, Unpause by player
253  2:06:12.935    2:53:02.526    2:53:03.293    0.767      0.767      Paused by player, Unpause by player
254  2:06:38.635    2:53:28.965    2:53:30.322    1.357      1.357      Paused by player, Unpause by player
255  2:06:39.985    2:53:31.630    2:53:32.395    0.765      0.765      Paused by player, Unpause by player
256  2:06:40.335    2:53:32.740    2:53:33.905    1.165      1.165      Paused by player, Unpause by player
257  2:06:41.185    2:53:34.730    2:53:35.353    0.623      0.623      Paused by player, Unpause by player
258  2:06:44.285    2:53:38.471    2:53:43.214    4.743      4.743      Paused by player, Unpause by player
259  2:06:49.285    2:53:48.220    2:53:50.049    1.829      1.829      Paused by player, Unpause by player
260  2:07:05.285    2:54:06.021    2:54:10.791    4.770      4.770      Paused by player, Unpause by player
261  2:07:06.585    2:54:12.089    2:54:24.861    12.772     12.772     Paused by player, Unpause by player
262  2:07:07.585    2:54:25.828    2:54:37.468    11.640     11.640     Paused by player, Unpause by player
263  2:07:08.135    2:54:37.996    2:54:42.362    4.366      4.366      Paused by player, Unpause by player
264  2:07:08.985    2:54:43.221    2:54:45.556    2.335      2.335      Paused by player, Unpause by player
265  2:07:09.535    2:54:46.073    2:54:47.121    1.048      1.048      Paused by player, Unpause by player
266  2:07:17.335    2:54:54.888    2:54:58.654    3.766      3.766      Paused by player, Unpause by player
267  2:07:17.785    2:54:59.095    2:54:59.581    0.486      0.486      Paused by player, Unpause by player
268  2:07:18.135    2:54:59.889    2:55:00.444    0.555      0.555      Paused by player, Unpause by player
269  2:07:23.835    2:55:06.167    2:55:10.779    4.612      4.612      Paused by player, Unpause by player
270  2:09:09.685    2:56:56.623    2:56:57.202    0.579      0.579      Paused by player, Unpause by player
271  2:09:12.735    2:57:00.235    2:57:02.192    1.957      1.957      Paused by player, Unpause by player
272  2:12:48.535    3:00:38.011    3:01:11.892    33.881     33.881     Paused by player, Unpause by player
273  2:16:48.435    3:05:11.766    3:05:40.733    28.967     28.967     Paused by player, Unpause by player
274  2:17:16.685    3:06:08.975    3:06:09.737    0.762      0.762      Paused by player, Unpause by player
275  2:17:21.135    3:06:14.163    3:06:14.738    0.575      0.575      Paused by player, Unpause by player
276  2:17:28.685    3:06:22.288    3:06:24.809    2.521      2.521      Paused by player, Unpause by player
277  2:17:57.135    3:06:53.231    3:06:55.848    2.617      2.617      Paused by player, Unpause by player
278  2:18:09.785    3:07:08.515    3:07:13.028    4.513      4.513      Paused by player, Unpause by player
279  2:18:11.185    3:07:14.408    3:07:25.438    11.030     11.030     Paused by player, Unpause by player
280  2:18:12.685    3:07:26.930    3:07:37.760    10.830     10.830     Paused by player, Unpause by player
281  2:18:17.735    3:07:42.775    3:07:52.216    9.441      9.441      Paused by player, Unpause by player
282  2:18:21.285    3:07:55.737    3:08:00.021    4.284      4.284      Paused by player, Unpause by player
283  2:18:23.785    3:08:02.513    3:08:04.153    1.640      1.640      Paused by player, Unpause by player
284  2:18:24.735    3:08:05.094    3:08:07.733    2.639      2.639      Paused by player, Unpause by player
285  2:18:25.235    3:08:08.244    3:08:11.977    3.733      3.733      Paused by player, Unpause by player
286  2:18:29.985    3:08:16.700    3:08:20.601    3.901      3.901      Paused by player, Unpause by player
287  2:18:33.035    3:08:23.696    3:08:41.888    18.192     18.192     Paused by player, Unpause by player
288  2:18:43.485    3:08:52.304    3:08:53.622    1.318      1.318      Paused by player, Unpause by player
289  2:18:51.335    3:09:01.458    3:09:07.857    6.399      6.399      Paused by player, Unpause by player
290  2:19:10.685    3:09:27.193    3:09:31.272    4.079      4.079      Paused by player, Unpause by player
291  2:19:14.235    3:09:34.818    3:09:35.456    0.638      0.638      Paused by player, Unpause by player
292  2:20:00.685    3:10:21.870    3:10:23.375    1.505      1.505      Paused by player, Unpause by player
293  2:20:29.185    3:10:51.904    3:11:15.951    24.047     24.047     Paused by player, Unpause by player
294  2:20:29.735    3:11:16.511    3:11:24.735    8.224      8.224      Paused by player, Unpause by player
295  2:20:32.485    3:11:27.477    3:11:35.736    8.259      8.259      Paused by player, Unpause by player
296  2:20:33.835    3:11:37.076    3:12:03.144    26.068     26.068     Paused by player, Unpause by player
297  2:20:37.735    3:12:07.052    3:12:08.799    1.747      1.747      Paused by player, Unpause by player
298  2:20:55.935    3:12:26.997    3:12:40.577    13.580     13.580     Paused by player, Unpause by player
299  2:20:58.185    3:12:42.791    3:12:44.763    1.972      1.972      Paused by player, Unpause by player
300  2:21:00.385    3:12:46.949    3:12:49.017    2.068      2.068      Paused by player, Unpause by player
301  2:21:02.285    3:12:50.892    3:12:52.668    1.776      1.776      Paused by player, Unpause by player
302  2:21:03.135    3:12:53.509    3:12:56.787    3.278      3.278      Paused by player, Unpause by player
303  2:21:11.785    3:13:05.442    3:13:07.576    2.134      2.134      Paused by player, Unpause by player
304  2:21:21.635    3:13:17.384    3:14:00.788    43.404     43.404     Paused by player, Unpause by player
305  2:21:23.535    3:14:02.650    3:14:09.595    6.945      6.945      Paused by player, Unpause by player
306  2:21:24.085    3:14:10.111    3:14:11.581    1.470      1.470      Paused by player, Unpause by player
307  2:21:25.585    3:14:13.078    3:14:38.482    25.404     25.404     Paused by player, Unpause by player
308  2:21:26.485    3:14:39.373    3:14:50.785    11.412     11.412     Paused by player, Unpause by player
309  2:21:58.885    3:15:23.170    3:15:34.576    11.406     11.406     Paused by player, Unpause by player
310  2:22:43.535    3:16:19.205    3:16:21.779    2.574      2.574      Paused by player, Unpause by player
311  2:23:52.035    3:17:30.275    3:17:31.532    1.257      1.257      Paused by player, Unpause by player
312  2:24:02.435    3:17:41.920    3:17:54.080    12.160     12.160     Paused by player, Unpause by player
313  2:24:02.885    3:17:54.504    3:17:58.731    4.227      4.227      Paused by player, Unpause by player
314  2:24:15.635    3:18:11.473    3:18:12.444    0.971      0.971      Paused by player, Unpause by player
315  2:24:16.435    3:18:13.212    3:18:14.609    1.397      1.397      Paused by player, Unpause by player
316  2:24:16.635    3:18:14.774    3:18:15.914    1.140      1.140      Paused by player, Unpause by player
317  2:24:21.485    3:18:20.734    3:18:22.324    1.590      1.590      Paused by player, Unpause by player
318  2:24:22.935    3:18:23.755    3:18:30.961    7.206      7.206      Paused by player, Unpause by player
319  2:24:23.485    3:18:31.480    3:18:32.544    1.064      1.064      Paused by player, Unpause by player
320  2:24:24.085    3:18:33.144    3:18:34.299    1.155      1.155      Paused by player, Unpause by player
321  2:24:24.735    3:18:34.947    3:18:36.951    2.004      2.004      Paused by player, Unpause by player
322  2:24:30.985    3:18:43.191    3:18:43.921    0.730      0.730      Paused by player, Unpause by player
323  2:24:36.685    3:18:49.582    3:18:50.448    0.866      0.866      Paused by player, Unpause by player
324  2:24:37.385    3:18:51.134    3:18:53.029    1.895      1.895      Paused by player, Unpause by player
325  2:24:38.185    3:18:53.825    3:18:55.358    1.533      1.533      Paused by player, Unpause by player
326  2:24:42.535    3:18:59.663    3:19:16.798    17.135     17.135     Paused by player, Unpause by player
327  2:24:42.985    3:19:17.214    3:19:20.055    2.841      2.841      Paused by player, Unpause by player
328  2:24:56.585    3:19:33.635    3:19:35.381    1.746      1.746      Paused by player, Unpause by player
329  2:24:57.135    3:19:35.906    3:19:56.777    20.871     20.871     Paused by player, Unpause by player
330  2:25:05.435    3:20:05.095    3:20:07.742    2.647      2.647      Paused by player, Unpause by player
331  2:25:07.285    3:20:09.592    3:20:12.349    2.757      2.757      Paused by player, Unpause by player
332  2:25:13.435    3:20:18.532    3:21:00.948    42.416     42.416     Paused by player, Unpause by player
333  2:25:18.635    3:21:06.125    3:21:45.328    39.203     39.203     Paused by player, Unpause by player
334  2:25:21.185    3:21:47.847    3:22:12.119    24.272     24.272     Paused by player, Unpause by player
335  2:25:23.235    3:22:14.169    3:22:32.794    18.625     18.625     Paused by player, Unpause by player
336  2:25:24.835    3:22:34.364    3:22:41.458    7.094      7.094      Paused by player, Unpause by player
337  2:25:28.785    3:22:45.380    3:22:46.199    0.819      0.819      Paused by player, Unpause by player
338  2:25:29.885    3:22:47.316    3:23:25.481    38.165     38.165     Paused by player, Unpause by player
339  2:25:42.685    3:23:38.272    3:24:09.374    31.102     31.102     Paused by player, Unpause by player
340  2:25:46.185    3:24:12.854    3:24:13.510    0.656      0.656      Paused by player, Unpause by player
341  2:25:46.935    3:24:14.236    3:24:15.082    0.846      0.846      Paused by player, Unpause by player
342  2:25:48.235    3:24:16.357    3:24:16.943    0.586      0.586      Paused by player, Unpause by player
343  2:25:49.335    3:24:18.027    3:24:18.580    0.553      0.553      Paused by player, Unpause by player
344  2:25:50.435    3:24:19.661    3:24:54.547    34.886     34.886     Paused by player, Unpause by player
345  2:25:51.035    3:24:55.144    3:24:56.472    1.328      1.328      Paused by player, Unpause by player
346  2:26:01.885    3:25:07.297    3:25:15.328    8.031      8.031      Paused by player, Unpause by player
347  2:26:02.685    3:25:16.108    3:25:18.674    2.566      2.566      Paused by player, Unpause by player
348  2:26:05.085    3:25:21.088    3:25:24.942    3.854      3.854      Paused by player, Unpause by player
349  2:26:12.735    3:25:32.609    3:25:47.393    14.784     14.784     Paused by player, Unpause by player
350  2:26:21.135    3:25:55.762    3:25:58.018    2.256      2.256      Paused by player, Unpause by player
351  2:26:31.335    3:26:08.252    3:26:12.059    3.807      3.807      Paused by player, Unpause by player
352  2:26:33.935    3:26:14.667    3:26:17.157    2.490      2.490      Paused by player, Unpause by player
353  2:26:35.285    3:26:18.500    3:26:43.379    24.879     24.879     Paused by player, Unpause by player
354  2:26:37.535    3:26:45.587    3:26:46.436    0.849      0.849      Paused by player, Unpause by player
355  2:26:37.935    3:26:46.795    3:26:47.086    0.291      0.291      Paused by player, Unpause by player
356  2:26:38.235    3:26:47.342    3:26:53.314    5.972      5.972      Paused by player, Unpause by player
357  2:26:43.385    3:26:58.456    3:27:00.312    1.856      1.856      Paused by player, Unpause by player
358  2:26:43.885    3:27:00.803    3:27:10.664    9.861      9.861      Paused by player, Unpause by player
359  2:26:50.435    3:27:17.189    3:27:19.326    2.137      2.137      Paused by player, Unpause by player
360  2:26:51.285    3:27:20.152    3:27:53.627    33.475     33.475     Paused by player, Unpause by player
361  2:26:54.385    3:27:56.724    3:27:59.542    2.818      2.818      Paused by player, Unpause by player
362  2:26:55.385    3:28:00.517    3:28:02.103    1.586      1.586      Paused by player, Unpause by player
363  2:26:56.035    3:28:02.745    3:28:04.067    1.322      1.322      Paused by player, Unpause by player
364  2:26:56.885    3:28:04.883    3:28:06.276    1.393      1.393      Paused by player, Unpause by player
365  2:26:59.535    3:28:08.910    3:28:09.667    0.757      0.757      Paused by player, Unpause by player
366  2:27:17.635    3:28:27.724    3:28:28.507    0.783      0.783      Paused by player, Unpause by player
367  2:27:18.235    3:28:29.088    3:28:29.705    0.617      0.617      Paused by player, Unpause by player
368  2:27:21.285    3:28:32.714    3:28:33.485    0.771      0.771      Paused by player, Unpause by player
369  2:27:23.285    3:28:35.471    3:28:36.184    0.713      0.713      Paused by player, Unpause by player
370  2:27:24.035    3:28:36.902    3:28:52.753    15.851     15.851     Paused by player, Unpause by player
371  2:27:24.785    3:28:53.476    3:28:55.695    2.219      2.219      Paused by player, Unpause by player
372  2:27:25.585    3:28:56.492    3:28:57.383    0.891      0.891      Paused by player, Unpause by player
373  2:27:26.285    3:28:58.086    3:28:58.662    0.576      0.576      Paused by player, Unpause by player
374  2:27:27.135    3:28:59.491    3:28:59.791    0.300      0.300      Paused by player, Unpause by player
375  2:27:27.735    3:29:00.364    3:29:00.636    0.272      0.272      Paused by player, Unpause by player
376  2:27:28.535    3:29:01.427    3:29:02.495    1.068      1.068      Paused by player, Unpause by player
377  2:27:28.885    3:29:02.827    3:29:03.521    0.694      0.694      Paused by player, Unpause by player
378  2:27:35.135    3:29:09.761    3:29:10.742    0.981      0.981      Paused by player, Unpause by player
379  2:27:35.535    3:29:11.142    3:29:11.752    0.610      0.610      Paused by player, Unpause by player
380  2:27:41.635    3:29:17.835    3:29:18.734    0.899      0.899      Paused by player, Unpause by player
381  2:27:41.935    3:29:19.017    3:29:19.366    0.349      0.349      Paused by player, Unpause by player
382  2:27:49.735    3:29:27.147    3:29:31.002    3.855      3.855      Paused by player, Unpause by player
383  2:27:59.285    3:29:40.517    3:30:14.301    33.784     33.784     Paused by player, Unpause by player
384  2:28:02.085    3:30:17.090    3:30:19.485    2.395      2.395      Paused by player, Unpause by player
385  2:28:09.985    3:30:27.369    3:30:40.033    12.664     12.664     Paused by player, Unpause by player
386  2:28:25.085    3:30:55.100    3:31:28.259    33.159     33.159     Paused by player, Unpause by player
387  2:28:25.585    3:31:28.762    3:31:34.410    5.648      5.648      Paused by player, Unpause by player
388  2:28:29.235    3:31:38.066    3:31:46.318    8.252      8.252      Paused by player, Unpause by player
389  2:28:32.885    3:31:49.966    3:32:02.495    12.529     12.529     Paused by player, Unpause by player
390  2:28:34.235    3:32:03.814    3:32:07.403    3.589      3.589      Paused by player, Unpause by player
391  2:28:35.035    3:32:08.178    3:32:12.294    4.116      4.116      Paused by player, Unpause by player
392  2:31:12.985    3:34:50.249    3:34:57.926    7.677      7.677      Paused by player, Unpause by player
393  2:31:13.785    3:34:58.702    3:34:59.905    1.203      1.203      Paused by player, Unpause by player
394  2:31:14.635    3:35:00.724    3:35:02.973    2.249      2.249      Paused by player, Unpause by player
395  2:31:16.635    3:35:04.936    3:35:06.927    1.991      1.991      Paused by player, Unpause by player
396  2:31:20.385    3:35:10.639    3:35:11.618    0.979      0.979      Paused by player, Unpause by player
397  2:31:20.885    3:35:12.099    3:35:12.679    0.580      0.580      Paused by player, Unpause by player
398  2:32:11.235    3:36:03.040    3:36:06.824    3.784      3.784      Paused by player, Unpause by player
399  2:32:15.935    3:36:11.491    3:36:15.936    4.445      4.445      Paused by player, Unpause by player
400  2:32:18.135    3:36:18.107    3:36:22.682    4.575      4.575      Paused by player, Unpause by player
401  2:32:21.435    3:36:25.987    3:36:28.153    2.166      2.166      Paused by player, Unpause by player
402  2:32:23.435    3:36:30.127    3:36:33.356    3.229      3.229      Paused by player, Unpause by player
403  2:32:23.985    3:36:33.899    3:36:34.560    0.661      0.661      Paused by player, Unpause by player
404  2:32:36.485    3:36:47.081    3:36:58.190    11.109     11.109     Paused by player, Unpause by player
405  2:32:46.135    3:37:07.814    3:37:13.962    6.148      6.148      Paused by player, Unpause by player
406  2:33:03.835    3:37:31.628    3:37:32.746    1.118      1.118      Paused by player, Unpause by player
407  2:33:04.435    3:37:33.345    3:37:38.186    4.841      4.841      Paused by player, Unpause by player
408  2:33:10.285    3:37:44.032    3:37:44.675    0.643      0.643      Paused by player, Unpause by player
409  2:33:10.885    3:37:45.278    3:37:46.071    0.793      0.793      Paused by player, Unpause by player
410  2:33:35.835    3:38:10.979    3:38:12.093    1.114      1.114      Paused by player, Unpause by player
411  2:33:45.935    3:38:22.182    3:38:23.187    1.005      1.005      Paused by player, Unpause by player
412  2:33:46.185    3:38:23.420    3:38:24.616    1.196      1.196      Paused by player, Unpause by player
413  2:33:46.485    3:38:24.902    3:38:26.227    1.325      1.325      Paused by player, Unpause by player
414  2:33:47.485    3:38:27.194    3:38:29.571    2.377      2.377      Paused by player, Unpause by player
415  2:33:48.335    3:38:30.404    3:38:32.047    1.643      1.643      Paused by player, Unpause by player
416  2:33:49.385    3:38:33.079    3:38:33.672    0.593      0.593      Paused by player, Unpause by player
417  2:33:54.985    3:38:39.272    3:38:40.020    0.748      0.748      Paused by player, Unpause by player
418  2:35:19.035    3:40:04.070    3:40:05.103    1.033      1.033      Paused by player, Unpause by player
419  2:35:20.985    3:40:07.054    3:40:07.357    0.303      0.303      Paused by player, Unpause by player
420  2:35:23.085    3:40:09.450    3:40:10.724    1.274      1.274      Paused by player, Unpause by player
421  2:35:23.985    3:40:11.589    3:40:12.814    1.225      1.225      Paused by player, Unpause by player
422  2:35:24.735    3:40:13.558    3:40:14.157    0.599      0.599      Paused by player, Unpause by player
423  2:35:25.235    3:40:14.645    3:40:15.087    0.442      0.442      Paused by player, Unpause by player
424  2:35:28.985    3:40:18.837    3:40:34.651    15.814     15.814     Paused by player, Unpause by player
0    2:36:24.685    3:41:30.356    3:43:28.531    118.175               Paused by player, Unpause by rendered
1    2:36:31.409    3:43:35.292    3:48:27.474    292.182    292.182    Paused by player, Unpause by player
2    2:39:02.059    3:50:58.087    3:50:59.503    1.416      1.416      Paused by player, Unpause by player
3    2:39:21.709    3:51:19.144    3:57:37.614    378.470    378.470    Paused by player, Unpause by player
4    2:39:26.659    3:57:42.531    3:57:46.067    3.536      3.536      Paused by player, Unpause by player
5    2:39:28.509    3:57:47.902    3:57:54.191    6.289      6.289      Paused by player, Unpause by player
0    2:39:32.459    3:57:58.130    3:58:42.464    44.334                Paused by player, Unpause by rendered
1    2:40:35.511    3:59:45.534    4:06:55.145    429.611    429.611    Paused by player, Unpause by player
2    2:40:47.711    4:07:07.356    8:08:38.468    14491.112             Paused by player, Unpause by rendered
3    2:41:00.925    8:08:51.697    8:09:15.058    23.361     23.361     Paused by player, Unpause by player
4    2:41:50.325    8:10:04.444    8:10:11.482    7.038      7.038      Paused by player, Unpause by player
5    2:41:51.275    8:10:12.417    8:10:14.722    2.305      2.305      Paused by player, Unpause by player
6    2:41:51.925    8:10:15.348    8:10:16.221    0.873      0.873      Paused by player, Unpause by player
7    2:41:52.325    8:10:16.623    8:10:17.320    0.697      0.697      Paused by player, Unpause by player
8    2:42:04.125    8:10:29.119    8:10:31.102    1.983      1.983      Paused by player, Unpause by player
9    2:42:04.675    8:10:31.614    8:10:34.001    2.387      2.387      Paused by player, Unpause by player
10   2:42:05.125    8:10:34.424    8:10:36.074    1.650      1.650      Paused by player, Unpause by player
11   2:42:07.775    8:10:38.719    8:10:39.011    0.292      0.292      Paused by player, Unpause by player
12   2:42:15.875    8:10:47.089    8:10:47.715    0.626      0.626      Paused by player, Unpause by player
