common.enable_cheats 0 0
common.leave_world 973995 968095
common.rejoin_world 975684 968095
rsg.obtain_obsidian 1686086 1393757
rsg.enter_stronghold 1808684 1516357
common.rejoin_world 3672135 2788757
rsg.obtain_iron_pickaxe 4213869 3060515
common.leave_world 5231374 3902065
common.rejoin_world 5367517 3902065
rsg.enter_nether 6500447 4641112
common.rejoin_world 8089270 5762176
common.rejoin_world 8276018 5855783
common.leave_world 13292023 9384685
common.rejoin_world 13406308 9384685
common.leave_world 14279020 9572459
common.rejoin_world 14320338 9572459
common.rejoin_world 29316434 9647711
common.multiplayer 29316435 9647711
common.leave_world 29452286 9739775
common.rejoin_world 29754605 9739775
common.leave_world 29806136 9765678
common.rejoin_world 29846345 9765678
common.leave_world 29949999 9844604
common.rejoin_world 30071267 9844604
common.leave_world 30081852 9848860
common.rejoin_world 30189024 9848860
common.leave_world 48087703 16296838
common.rejoin_world 195378114 16296838
common.leave_world 208676276 25771381
common.rejoin_world 208679182 25771381
common.leave_world 215320439 30024732
common.rejoin_world 215416301 30024732
common.leave_world 215571893 30159234
common.rejoin_world 228217802 30159234
common.leave_world 228647612 30421539
common.rejoin_world 228823440 30421539
rsg.first_portal 230275098 31803042
common.leave_world 236331869 36597109
